<?xml version="1.0" encoding="UTF-8"?>
<!-- Generated by org.testng.reporters.JUnitReportReporter -->
<testsuite skipped="0" hostname="BLT1202" name="TestNGdemo.LinkedInDemo" tests="3" failures="0" timestamp="17 Feb 2020 09:36:45 GMT" time="8.171" errors="1">
  <testcase name="perform" time="2.807" classname="TestNGdemo.LinkedInDemo"/>
  <testcase name="close" time="0.016" classname="TestNGdemo.LinkedInDemo">
    <error type="java.lang.NullPointerException">
      <![CDATA[java.lang.NullPointerException
at TestNGdemo.LinkedInDemo.close(LinkedInDemo.java:31)
at sun.reflect.NativeMethodAccessorImpl.invoke0(Native Method)
at sun.reflect.NativeMethodAccessorImpl.invoke(Unknown Source)
at sun.reflect.DelegatingMethodAccessorImpl.invoke(Unknown Source)
at java.lang.reflect.Method.invoke(Unknown Source)
at org.testng.internal.MethodInvocationHelper.invokeMethod(MethodInvocationHelper.java:124)
at org.testng.internal.Invoker.invokeMethod(Invoker.java:583)
at org.testng.internal.Invoker.invokeTestMethod(Invoker.java:719)
at org.testng.internal.Invoker.invokeTestMethods(Invoker.java:989)
at org.testng.internal.TestMethodWorker.invokeTestMethods(TestMethodWorker.java:125)
at org.testng.internal.TestMethodWorker.run(TestMethodWorker.java:109)
at java.util.concurrent.ThreadPoolExecutor.runWorker(Unknown Source)
at java.util.concurrent.ThreadPoolExecutor$Worker.run(Unknown Source)
at java.lang.Thread.run(Unknown Source)
]]>
    </error>
  </testcase> <!-- close -->
  <testcase name="launchapp" time="5.348" classname="TestNGdemo.LinkedInDemo"/>
</testsuite> <!-- TestNGdemo.LinkedInDemo -->
