<?xml version="1.0" encoding="UTF-8"?>
<!-- Generated by org.testng.reporters.JUnitReportReporter -->
<testsuite skipped="0" hostname="BLT1202" name="TestNGdemo.PriorityTestcase" tests="3" failures="0" timestamp="17 Feb 2020 08:19:50 GMT" time="0.062" errors="0">
  <testcase name="testcase2" time="0.031" classname="TestNGdemo.PriorityTestcase"/>
  <testcase name="testcase3" time="0.000" classname="TestNGdemo.PriorityTestcase"/>
  <testcase name="testcase1" time="0.031" classname="TestNGdemo.PriorityTestcase"/>
</testsuite> <!-- TestNGdemo.PriorityTestcase -->
