<?xml version="1.0" encoding="UTF-8"?>
<!-- Generated by org.testng.reporters.JUnitReportReporter -->
<testsuite skipped="0" hostname="BLT1202" name="Seleniumdemo.HeadlessBrowser" tests="1" failures="0" timestamp="18 Feb 2020 05:38:33 GMT" time="4.475" errors="0">
  <testcase name="test" time="4.475" classname="Seleniumdemo.HeadlessBrowser"/>
</testsuite> <!-- Seleniumdemo.HeadlessBrowser -->
