<?xml version="1.0" encoding="UTF-8"?>
<!-- Generated by org.testng.reporters.JUnitReportReporter -->
<testsuite skipped="0" hostname="BLT1202" name="Seleniumdemo.windowhandling" tests="1" failures="0" timestamp="19 Feb 2020 11:05:19 GMT" time="16.656" errors="0">
  <testcase name="irctclogin" time="16.656" classname="Seleniumdemo.windowhandling"/>
</testsuite> <!-- Seleniumdemo.windowhandling -->
