<?xml version="1.0" encoding="UTF-8"?>
<!-- Generated by org.testng.reporters.JUnitReportReporter -->
<testsuite skipped="0" hostname="BLT1202" name="Seleniumdemo.KeyboardMovements" tests="1" failures="0" timestamp="20 Feb 2020 04:28:41 GMT" time="10.741" errors="0">
  <testcase name="key" time="10.741" classname="Seleniumdemo.KeyboardMovements"/>
</testsuite> <!-- Seleniumdemo.KeyboardMovements -->
