<?xml version="1.0" encoding="UTF-8"?>
<!-- Generated by org.testng.reporters.JUnitReportReporter -->
<testsuite skipped="0" hostname="BLT1202" name="TestNGdemo.ParallelTestCase1" tests="3" failures="0" timestamp="17 Feb 2020 08:37:52 GMT" time="0.031" errors="0">
  <testcase name="testcase4" time="0.015" classname="TestNGdemo.ParallelTestCase1"/>
  <testcase name="testcase5" time="0.016" classname="TestNGdemo.ParallelTestCase1"/>
  <testcase name="testcase6" time="0.000" classname="TestNGdemo.ParallelTestCase1"/>
</testsuite> <!-- TestNGdemo.ParallelTestCase1 -->
