<?xml version="1.0" encoding="UTF-8"?>
<!-- Generated by org.testng.reporters.JUnitReportReporter -->
<testsuite skipped="0" hostname="BLT1202" name="TestNGdemo.DependsonGroup" tests="1" failures="0" timestamp="17 Feb 2020 10:47:52 GMT" time="0.016" errors="0">
  <testcase name="testcase1" time="0.016" classname="TestNGdemo.DependsonGroup"/>
</testsuite> <!-- TestNGdemo.DependsonGroup -->
