<?xml version="1.0" encoding="UTF-8"?>
<!-- Generated by org.testng.reporters.JUnitReportReporter -->
<testsuite skipped="0" hostname="BLT1202" name="Seleniumdemo.KeyboardMovemnt" tests="1" failures="0" timestamp="20 Feb 2020 04:33:47 GMT" time="8.353" errors="0">
  <testcase name="key" time="8.353" classname="Seleniumdemo.KeyboardMovemnt"/>
</testsuite> <!-- Seleniumdemo.KeyboardMovemnt -->
