<?xml version="1.0" encoding="UTF-8"?>
<!-- Generated by org.testng.reporters.JUnitReportReporter -->
<testsuite hostname="BLT1202" name="TestCases.SigninTestCase" tests="1" failures="0" timestamp="19 Feb 2020 09:00:47 GMT" time="1.685" errors="0">
  <testcase name="signin" time="1.685" classname="TestCases.SigninTestCase"/>
</testsuite> <!-- TestCases.SigninTestCase -->
